[20240201 21:20:12:159][INFO ][com.example.demo.DemoApplication] Starting DemoApplication using Java 21 with PID 17544 (/Users/scbock01/Downloads/javascript-java/target/classes started by sybock in /Users/scbock01/Downloads/javascript-java)
[20240201 21:20:12:160][INFO ][com.example.demo.DemoApplication] No active profile set, falling back to 1 default profile: "default"
[20240201 21:20:12:186][INFO ][o.s.b.d.e.DevToolsPropertyDefaultsPostProcessor] Devtools property defaults active! Set 'spring.devtools.add-properties' to 'false' to disable
[20240201 21:20:12:186][INFO ][o.s.b.d.e.DevToolsPropertyDefaultsPostProcessor] For additional web related logging consider setting the 'logging.level.web' property to 'DEBUG'
[20240201 21:20:12:638][INFO ][o.s.b.w.embedded.tomcat.TomcatWebServer] Tomcat initialized with port 4242 (http)
[20240201 21:20:12:642][INFO ][o.apache.coyote.http11.Http11NioProtocol] Initializing ProtocolHandler ["http-nio-4242"]
[20240201 21:20:12:643][INFO ][o.apache.catalina.core.StandardService] Starting service [Tomcat]
[20240201 21:20:12:643][INFO ][org.apache.catalina.core.StandardEngine] Starting Servlet engine: [Apache Tomcat/10.1.16]
[20240201 21:20:12:662][INFO ][o.a.c.c.C.[Tomcat].[localhost].[/]] Initializing Spring embedded WebApplicationContext
[20240201 21:20:12:662][INFO ][o.s.b.w.s.c.ServletWebServerApplicationContext] Root WebApplicationContext: initialization completed in 476 ms
[20240201 21:20:12:837][INFO ][o.s.b.d.a.OptionalLiveReloadServer] LiveReload server is running on port 35729
[20240201 21:20:12:844][INFO ][o.apache.coyote.http11.Http11NioProtocol] Starting ProtocolHandler ["http-nio-4242"]
[20240201 21:20:12:853][INFO ][o.s.b.w.embedded.tomcat.TomcatWebServer] Tomcat started on port 4242 (http) with context path ''
[20240201 21:20:12:859][INFO ][com.example.demo.DemoApplication] Started DemoApplication in 0.928 seconds (process running for 1.141)
[20240201 21:20:21:621][INFO ][o.a.c.c.C.[Tomcat].[localhost].[/]] Initializing Spring DispatcherServlet 'dispatcherServlet'
[20240201 21:20:21:621][INFO ][o.s.web.servlet.DispatcherServlet] Initializing Servlet 'dispatcherServlet'
[20240201 21:20:21:622][INFO ][o.s.web.servlet.DispatcherServlet] Completed initialization in 1 ms
[20240201 21:21:09:956][INFO ][com.example.demo.DemoApplication] Starting DemoApplication using Java 21 with PID 17667 (/Users/scbock01/Downloads/javascript-java/target/classes started by sybock in /Users/scbock01/Downloads/javascript-java)
[20240201 21:21:09:970][INFO ][com.example.demo.DemoApplication] No active profile set, falling back to 1 default profile: "default"
[20240201 21:21:09:992][INFO ][o.s.b.d.e.DevToolsPropertyDefaultsPostProcessor] Devtools property defaults active! Set 'spring.devtools.add-properties' to 'false' to disable
[20240201 21:21:09:992][INFO ][o.s.b.d.e.DevToolsPropertyDefaultsPostProcessor] For additional web related logging consider setting the 'logging.level.web' property to 'DEBUG'
[20240201 21:21:10:413][INFO ][o.s.b.w.embedded.tomcat.TomcatWebServer] Tomcat initialized with port 4242 (http)
[20240201 21:21:10:416][INFO ][o.apache.coyote.http11.Http11NioProtocol] Initializing ProtocolHandler ["http-nio-4242"]
[20240201 21:21:10:417][INFO ][o.apache.catalina.core.StandardService] Starting service [Tomcat]
[20240201 21:21:10:417][INFO ][org.apache.catalina.core.StandardEngine] Starting Servlet engine: [Apache Tomcat/10.1.16]
[20240201 21:21:10:433][INFO ][o.a.c.c.C.[Tomcat].[localhost].[/]] Initializing Spring embedded WebApplicationContext
[20240201 21:21:10:433][INFO ][o.s.b.w.s.c.ServletWebServerApplicationContext] Root WebApplicationContext: initialization completed in 441 ms
[20240201 21:21:10:597][INFO ][o.s.b.d.a.OptionalLiveReloadServer] LiveReload server is running on port 35729
[20240201 21:21:10:603][INFO ][o.apache.coyote.http11.Http11NioProtocol] Starting ProtocolHandler ["http-nio-4242"]
[20240201 21:21:10:612][INFO ][o.s.b.w.embedded.tomcat.TomcatWebServer] Tomcat started on port 4242 (http) with context path ''
[20240201 21:21:10:617][INFO ][com.example.demo.DemoApplication] Started DemoApplication in 0.884 seconds (process running for 1.1)
[20240201 21:21:12:396][INFO ][o.a.c.c.C.[Tomcat].[localhost].[/]] Initializing Spring DispatcherServlet 'dispatcherServlet'
[20240201 21:21:12:396][INFO ][o.s.web.servlet.DispatcherServlet] Initializing Servlet 'dispatcherServlet'
[20240201 21:21:12:397][INFO ][o.s.web.servlet.DispatcherServlet] Completed initialization in 1 ms
[20240201 21:21:34:095][INFO ][com.example.demo.DemoApplication] Starting DemoApplication using Java 21 with PID 17713 (/Users/scbock01/Downloads/javascript-java/target/classes started by sybock in /Users/scbock01/Downloads/javascript-java)
[20240201 21:21:34:096][INFO ][com.example.demo.DemoApplication] No active profile set, falling back to 1 default profile: "default"
[20240201 21:21:34:125][INFO ][o.s.b.d.e.DevToolsPropertyDefaultsPostProcessor] Devtools property defaults active! Set 'spring.devtools.add-properties' to 'false' to disable
[20240201 21:21:34:125][INFO ][o.s.b.d.e.DevToolsPropertyDefaultsPostProcessor] For additional web related logging consider setting the 'logging.level.web' property to 'DEBUG'
[20240201 21:21:34:577][INFO ][o.s.b.w.embedded.tomcat.TomcatWebServer] Tomcat initialized with port 4242 (http)
[20240201 21:21:34:581][INFO ][o.apache.coyote.http11.Http11NioProtocol] Initializing ProtocolHandler ["http-nio-4242"]
[20240201 21:21:34:582][INFO ][o.apache.catalina.core.StandardService] Starting service [Tomcat]
[20240201 21:21:34:583][INFO ][org.apache.catalina.core.StandardEngine] Starting Servlet engine: [Apache Tomcat/10.1.16]
[20240201 21:21:34:605][INFO ][o.a.c.c.C.[Tomcat].[localhost].[/]] Initializing Spring embedded WebApplicationContext
[20240201 21:21:34:605][INFO ][o.s.b.w.s.c.ServletWebServerApplicationContext] Root WebApplicationContext: initialization completed in 480 ms
[20240201 21:21:34:779][INFO ][o.s.b.d.a.OptionalLiveReloadServer] LiveReload server is running on port 35729
[20240201 21:21:34:786][INFO ][o.apache.coyote.http11.Http11NioProtocol] Starting ProtocolHandler ["http-nio-4242"]
[20240201 21:21:34:796][INFO ][o.s.b.w.embedded.tomcat.TomcatWebServer] Tomcat started on port 4242 (http) with context path ''
[20240201 21:21:34:802][INFO ][com.example.demo.DemoApplication] Started DemoApplication in 0.956 seconds (process running for 1.183)
[20240201 21:21:35:187][INFO ][o.a.c.c.C.[Tomcat].[localhost].[/]] Initializing Spring DispatcherServlet 'dispatcherServlet'
[20240201 21:21:35:187][INFO ][o.s.web.servlet.DispatcherServlet] Initializing Servlet 'dispatcherServlet'
[20240201 21:21:35:188][INFO ][o.s.web.servlet.DispatcherServlet] Completed initialization in 1 ms
[20240201 21:22:03:630][INFO ][com.example.demo.DemoApplication] Starting DemoApplication using Java 21 with PID 17762 (/Users/scbock01/Downloads/javascript-java/target/classes started by sybock in /Users/scbock01/Downloads/javascript-java)
[20240201 21:22:03:631][INFO ][com.example.demo.DemoApplication] No active profile set, falling back to 1 default profile: "default"
[20240201 21:22:03:659][INFO ][o.s.b.d.e.DevToolsPropertyDefaultsPostProcessor] Devtools property defaults active! Set 'spring.devtools.add-properties' to 'false' to disable
[20240201 21:22:03:659][INFO ][o.s.b.d.e.DevToolsPropertyDefaultsPostProcessor] For additional web related logging consider setting the 'logging.level.web' property to 'DEBUG'
[20240201 21:22:04:108][INFO ][o.s.b.w.embedded.tomcat.TomcatWebServer] Tomcat initialized with port 4242 (http)
[20240201 21:22:04:112][INFO ][o.apache.coyote.http11.Http11NioProtocol] Initializing ProtocolHandler ["http-nio-4242"]
[20240201 21:22:04:113][INFO ][o.apache.catalina.core.StandardService] Starting service [Tomcat]
[20240201 21:22:04:113][INFO ][org.apache.catalina.core.StandardEngine] Starting Servlet engine: [Apache Tomcat/10.1.16]
[20240201 21:22:04:132][INFO ][o.a.c.c.C.[Tomcat].[localhost].[/]] Initializing Spring embedded WebApplicationContext
[20240201 21:22:04:133][INFO ][o.s.b.w.s.c.ServletWebServerApplicationContext] Root WebApplicationContext: initialization completed in 473 ms
[20240201 21:22:04:298][INFO ][o.s.b.d.a.OptionalLiveReloadServer] LiveReload server is running on port 35729
[20240201 21:22:04:305][INFO ][o.apache.coyote.http11.Http11NioProtocol] Starting ProtocolHandler ["http-nio-4242"]
[20240201 21:22:04:314][INFO ][o.s.b.w.embedded.tomcat.TomcatWebServer] Tomcat started on port 4242 (http) with context path ''
[20240201 21:22:04:318][INFO ][com.example.demo.DemoApplication] Started DemoApplication in 0.936 seconds (process running for 1.181)
[20240201 21:22:05:675][INFO ][o.a.c.c.C.[Tomcat].[localhost].[/]] Initializing Spring DispatcherServlet 'dispatcherServlet'
[20240201 21:22:05:675][INFO ][o.s.web.servlet.DispatcherServlet] Initializing Servlet 'dispatcherServlet'
[20240201 21:22:05:676][INFO ][o.s.web.servlet.DispatcherServlet] Completed initialization in 1 ms
[20240201 21:23:10:162][INFO ][com.example.demo.DemoApplication] Starting DemoApplication using Java 21 with PID 17982 (/Users/scbock01/Downloads/javascript-java/target/classes started by sybock in /Users/scbock01/Downloads/javascript-java)
[20240201 21:23:10:163][INFO ][com.example.demo.DemoApplication] No active profile set, falling back to 1 default profile: "default"
[20240201 21:23:10:188][INFO ][o.s.b.d.e.DevToolsPropertyDefaultsPostProcessor] Devtools property defaults active! Set 'spring.devtools.add-properties' to 'false' to disable
[20240201 21:23:10:188][INFO ][o.s.b.d.e.DevToolsPropertyDefaultsPostProcessor] For additional web related logging consider setting the 'logging.level.web' property to 'DEBUG'
[20240201 21:23:10:625][INFO ][o.s.b.w.embedded.tomcat.TomcatWebServer] Tomcat initialized with port 4242 (http)
[20240201 21:23:10:629][INFO ][o.apache.coyote.http11.Http11NioProtocol] Initializing ProtocolHandler ["http-nio-4242"]
[20240201 21:23:10:630][INFO ][o.apache.catalina.core.StandardService] Starting service [Tomcat]
[20240201 21:23:10:630][INFO ][org.apache.catalina.core.StandardEngine] Starting Servlet engine: [Apache Tomcat/10.1.16]
[20240201 21:23:10:646][INFO ][o.a.c.c.C.[Tomcat].[localhost].[/]] Initializing Spring embedded WebApplicationContext
[20240201 21:23:10:646][INFO ][o.s.b.w.s.c.ServletWebServerApplicationContext] Root WebApplicationContext: initialization completed in 458 ms
[20240201 21:23:10:809][INFO ][o.s.b.d.a.OptionalLiveReloadServer] LiveReload server is running on port 35729
[20240201 21:23:10:815][INFO ][o.apache.coyote.http11.Http11NioProtocol] Starting ProtocolHandler ["http-nio-4242"]
[20240201 21:23:10:825][INFO ][o.s.b.w.embedded.tomcat.TomcatWebServer] Tomcat started on port 4242 (http) with context path ''
[20240201 21:23:10:830][INFO ][com.example.demo.DemoApplication] Started DemoApplication in 0.913 seconds (process running for 1.154)
[20240201 21:23:12:280][INFO ][o.a.c.c.C.[Tomcat].[localhost].[/]] Initializing Spring DispatcherServlet 'dispatcherServlet'
[20240201 21:23:12:281][INFO ][o.s.web.servlet.DispatcherServlet] Initializing Servlet 'dispatcherServlet'
[20240201 21:23:12:282][INFO ][o.s.web.servlet.DispatcherServlet] Completed initialization in 1 ms
[20240201 21:23:20:649][INFO ][com.example.demo.DemoApplication] Starting DemoApplication using Java 21 with PID 18007 (/Users/scbock01/Downloads/javascript-java/target/classes started by sybock in /Users/scbock01/Downloads/javascript-java)
[20240201 21:23:20:650][INFO ][com.example.demo.DemoApplication] No active profile set, falling back to 1 default profile: "default"
[20240201 21:23:20:678][INFO ][o.s.b.d.e.DevToolsPropertyDefaultsPostProcessor] Devtools property defaults active! Set 'spring.devtools.add-properties' to 'false' to disable
[20240201 21:23:20:678][INFO ][o.s.b.d.e.DevToolsPropertyDefaultsPostProcessor] For additional web related logging consider setting the 'logging.level.web' property to 'DEBUG'
[20240201 21:23:21:117][INFO ][o.s.b.w.embedded.tomcat.TomcatWebServer] Tomcat initialized with port 4242 (http)
[20240201 21:23:21:121][INFO ][o.apache.coyote.http11.Http11NioProtocol] Initializing ProtocolHandler ["http-nio-4242"]
[20240201 21:23:21:122][INFO ][o.apache.catalina.core.StandardService] Starting service [Tomcat]
[20240201 21:23:21:122][INFO ][org.apache.catalina.core.StandardEngine] Starting Servlet engine: [Apache Tomcat/10.1.16]
[20240201 21:23:21:145][INFO ][o.a.c.c.C.[Tomcat].[localhost].[/]] Initializing Spring embedded WebApplicationContext
[20240201 21:23:21:145][INFO ][o.s.b.w.s.c.ServletWebServerApplicationContext] Root WebApplicationContext: initialization completed in 466 ms
[20240201 21:23:21:323][INFO ][o.s.b.d.a.OptionalLiveReloadServer] LiveReload server is running on port 35729
[20240201 21:23:21:331][INFO ][o.apache.coyote.http11.Http11NioProtocol] Starting ProtocolHandler ["http-nio-4242"]
[20240201 21:23:21:340][INFO ][o.s.b.w.embedded.tomcat.TomcatWebServer] Tomcat started on port 4242 (http) with context path ''
[20240201 21:23:21:345][INFO ][com.example.demo.DemoApplication] Started DemoApplication in 0.936 seconds (process running for 1.166)
[20240201 21:23:22:170][INFO ][o.a.c.c.C.[Tomcat].[localhost].[/]] Initializing Spring DispatcherServlet 'dispatcherServlet'
[20240201 21:23:22:170][INFO ][o.s.web.servlet.DispatcherServlet] Initializing Servlet 'dispatcherServlet'
[20240201 21:23:22:171][INFO ][o.s.web.servlet.DispatcherServlet] Completed initialization in 1 ms
[20240201 21:23:59:069][INFO ][com.example.demo.DemoApplication] Starting DemoApplication using Java 21 with PID 18076 (/Users/scbock01/Downloads/javascript-java/target/classes started by sybock in /Users/scbock01/Downloads/javascript-java)
[20240201 21:23:59:069][INFO ][com.example.demo.DemoApplication] No active profile set, falling back to 1 default profile: "default"
[20240201 21:23:59:096][INFO ][o.s.b.d.e.DevToolsPropertyDefaultsPostProcessor] Devtools property defaults active! Set 'spring.devtools.add-properties' to 'false' to disable
[20240201 21:23:59:096][INFO ][o.s.b.d.e.DevToolsPropertyDefaultsPostProcessor] For additional web related logging consider setting the 'logging.level.web' property to 'DEBUG'
[20240201 21:23:59:558][INFO ][o.s.b.w.embedded.tomcat.TomcatWebServer] Tomcat initialized with port 4242 (http)
[20240201 21:23:59:562][INFO ][o.apache.coyote.http11.Http11NioProtocol] Initializing ProtocolHandler ["http-nio-4242"]
[20240201 21:23:59:563][INFO ][o.apache.catalina.core.StandardService] Starting service [Tomcat]
[20240201 21:23:59:563][INFO ][org.apache.catalina.core.StandardEngine] Starting Servlet engine: [Apache Tomcat/10.1.16]
[20240201 21:23:59:581][INFO ][o.a.c.c.C.[Tomcat].[localhost].[/]] Initializing Spring embedded WebApplicationContext
[20240201 21:23:59:581][INFO ][o.s.b.w.s.c.ServletWebServerApplicationContext] Root WebApplicationContext: initialization completed in 484 ms
[20240201 21:23:59:772][INFO ][o.s.b.d.a.OptionalLiveReloadServer] LiveReload server is running on port 35729
[20240201 21:23:59:779][INFO ][o.apache.coyote.http11.Http11NioProtocol] Starting ProtocolHandler ["http-nio-4242"]
[20240201 21:23:59:789][INFO ][o.s.b.w.embedded.tomcat.TomcatWebServer] Tomcat started on port 4242 (http) with context path ''
[20240201 21:23:59:795][INFO ][com.example.demo.DemoApplication] Started DemoApplication in 0.956 seconds (process running for 1.186)
[20240201 21:24:01:609][INFO ][o.a.c.c.C.[Tomcat].[localhost].[/]] Initializing Spring DispatcherServlet 'dispatcherServlet'
[20240201 21:24:01:610][INFO ][o.s.web.servlet.DispatcherServlet] Initializing Servlet 'dispatcherServlet'
[20240201 21:24:01:611][INFO ][o.s.web.servlet.DispatcherServlet] Completed initialization in 1 ms
[20240201 21:24:43:034][INFO ][com.example.demo.DemoApplication] Starting DemoApplication using Java 21 with PID 18154 (/Users/scbock01/Downloads/javascript-java/target/classes started by sybock in /Users/scbock01/Downloads/javascript-java)
[20240201 21:24:43:035][INFO ][com.example.demo.DemoApplication] No active profile set, falling back to 1 default profile: "default"
[20240201 21:24:43:061][INFO ][o.s.b.d.e.DevToolsPropertyDefaultsPostProcessor] Devtools property defaults active! Set 'spring.devtools.add-properties' to 'false' to disable
[20240201 21:24:43:061][INFO ][o.s.b.d.e.DevToolsPropertyDefaultsPostProcessor] For additional web related logging consider setting the 'logging.level.web' property to 'DEBUG'
[20240201 21:24:43:508][INFO ][o.s.b.w.embedded.tomcat.TomcatWebServer] Tomcat initialized with port 4242 (http)
[20240201 21:24:43:511][INFO ][o.apache.coyote.http11.Http11NioProtocol] Initializing ProtocolHandler ["http-nio-4242"]
[20240201 21:24:43:512][INFO ][o.apache.catalina.core.StandardService] Starting service [Tomcat]
[20240201 21:24:43:512][INFO ][org.apache.catalina.core.StandardEngine] Starting Servlet engine: [Apache Tomcat/10.1.16]
[20240201 21:24:43:530][INFO ][o.a.c.c.C.[Tomcat].[localhost].[/]] Initializing Spring embedded WebApplicationContext
[20240201 21:24:43:531][INFO ][o.s.b.w.s.c.ServletWebServerApplicationContext] Root WebApplicationContext: initialization completed in 468 ms
[20240201 21:24:43:701][INFO ][o.s.b.d.a.OptionalLiveReloadServer] LiveReload server is running on port 35729
[20240201 21:24:43:707][INFO ][o.apache.coyote.http11.Http11NioProtocol] Starting ProtocolHandler ["http-nio-4242"]
[20240201 21:24:43:718][INFO ][o.s.b.w.embedded.tomcat.TomcatWebServer] Tomcat started on port 4242 (http) with context path ''
[20240201 21:24:43:723][INFO ][com.example.demo.DemoApplication] Started DemoApplication in 0.936 seconds (process running for 1.165)
[20240201 21:24:45:749][INFO ][o.a.c.c.C.[Tomcat].[localhost].[/]] Initializing Spring DispatcherServlet 'dispatcherServlet'
[20240201 21:24:45:749][INFO ][o.s.web.servlet.DispatcherServlet] Initializing Servlet 'dispatcherServlet'
[20240201 21:24:45:750][INFO ][o.s.web.servlet.DispatcherServlet] Completed initialization in 1 ms
